#! /usr/bin/vvp
:ivl_version "10.3 (stable)";
:ivl_delay_selection "TYPICAL";
:vpi_time_precision + 0;
:vpi_module "system";
:vpi_module "vhdl_sys";
:vpi_module "v2005_math";
:vpi_module "va_math";
S_0x55d1b9595960 .scope module, "test" "test" 2 1;
 .timescale 0 0;
v0x55d1b95ab9c0_0 .var "clk", 0 0;
v0x55d1b95aba80_0 .var "end_tran", 3 0;
v0x55d1b95abb50_0 .net "grant", 3 0, v0x55d1b95ab3b0_0;  1 drivers
v0x55d1b95abc50_0 .var "request", 3 0;
v0x55d1b95abd20_0 .var "reset_n", 0 0;
S_0x55d1b9595ae0 .scope module, "arbiter" "arbiter" 2 30, 3 1 0, S_0x55d1b9595960;
 .timescale 0 0;
    .port_info 0 /INPUT 1 "clk"
    .port_info 1 /INPUT 1 "reset_n"
    .port_info 2 /INPUT 4 "request"
    .port_info 3 /OUTPUT 4 "grant"
    .port_info 4 /INPUT 4 "end_tran"
P_0x55d1b957fe70 .param/l "END_ACCESS" 0 3 14, C4<10>;
P_0x55d1b957feb0 .param/l "END_ACCESS_ID" 0 3 16, +C4<00000000000000000000000000000001>;
P_0x55d1b957fef0 .param/l "IDLE" 0 3 13, C4<01>;
P_0x55d1b957ff30 .param/l "IDLE_ID" 0 3 15, +C4<00000000000000000000000000000000>;
L_0x7f82521b2018 .functor BUFT 1, C4<0000>, C4<0>, C4<0>, C4<0>;
v0x55d1b956d760_0 .net/2u *"_s0", 3 0, L_0x7f82521b2018;  1 drivers
v0x55d1b956d800_0 .net "any_request", 0 0, L_0x55d1b95abdf0;  1 drivers
v0x55d1b95ab200_0 .net "clk", 0 0, v0x55d1b95ab9c0_0;  1 drivers
v0x55d1b95ab2d0_0 .net "end_tran", 3 0, v0x55d1b95aba80_0;  1 drivers
v0x55d1b95ab3b0_0 .var "grant", 3 0;
v0x55d1b95ab4e0_0 .var "grant_next", 3 0;
v0x55d1b95ab5c0_0 .var "next_state", 1 0;
v0x55d1b95ab6a0_0 .net "request", 3 0, v0x55d1b95abc50_0;  1 drivers
v0x55d1b95ab780_0 .net "reset_n", 0 0, v0x55d1b95abd20_0;  1 drivers
v0x55d1b95ab840_0 .var "state", 1 0;
E_0x55d1b958f590/0 .event negedge, v0x55d1b95ab780_0;
E_0x55d1b958f590/1 .event posedge, v0x55d1b95ab200_0;
E_0x55d1b958f590 .event/or E_0x55d1b958f590/0, E_0x55d1b958f590/1;
E_0x55d1b958f2a0 .event edge, v0x55d1b95ab3b0_0, v0x55d1b956d800_0, v0x55d1b95ab6a0_0;
E_0x55d1b958e4c0 .event edge, v0x55d1b95ab840_0, v0x55d1b956d800_0;
L_0x55d1b95abdf0 .cmp/ne 4, v0x55d1b95abc50_0, L_0x7f82521b2018;
    .scope S_0x55d1b9595ae0;
T_0 ;
    %wait E_0x55d1b958e4c0;
    %load/vec4 v0x55d1b95ab840_0;
    %store/vec4 v0x55d1b95ab5c0_0, 0, 2;
    %load/vec4 v0x55d1b95ab840_0;
    %dup/vec4;
    %pushi/vec4 1, 0, 2;
    %cmp/u;
    %jmp/1 T_0.0, 6;
    %dup/vec4;
    %pushi/vec4 2, 0, 2;
    %cmp/u;
    %jmp/1 T_0.1, 6;
    %jmp T_0.2;
T_0.0 ;
    %load/vec4 v0x55d1b956d800_0;
    %flag_set/vec4 8;
    %jmp/0xz  T_0.3, 8;
    %pushi/vec4 2, 0, 2;
    %store/vec4 v0x55d1b95ab5c0_0, 0, 2;
    %jmp T_0.4;
T_0.3 ;
    %pushi/vec4 1, 0, 2;
    %store/vec4 v0x55d1b95ab5c0_0, 0, 2;
T_0.4 ;
    %jmp T_0.2;
T_0.1 ;
    %load/vec4 v0x55d1b956d800_0;
    %flag_set/vec4 8;
    %jmp/0xz  T_0.5, 8;
    %pushi/vec4 2, 0, 2;
    %store/vec4 v0x55d1b95ab5c0_0, 0, 2;
    %jmp T_0.6;
T_0.5 ;
    %pushi/vec4 1, 0, 2;
    %store/vec4 v0x55d1b95ab5c0_0, 0, 2;
T_0.6 ;
    %jmp T_0.2;
T_0.2 ;
    %pop/vec4 1;
    %jmp T_0;
    .thread T_0, $push;
    .scope S_0x55d1b9595ae0;
T_1 ;
    %wait E_0x55d1b958f590;
    %load/vec4 v0x55d1b95ab780_0;
    %nor/r;
    %flag_set/vec4 8;
    %jmp/0xz  T_1.0, 8;
    %pushi/vec4 1, 0, 2;
    %assign/vec4 v0x55d1b95ab840_0, 0;
    %jmp T_1.1;
T_1.0 ;
    %load/vec4 v0x55d1b95ab5c0_0;
    %assign/vec4 v0x55d1b95ab840_0, 0;
T_1.1 ;
    %jmp T_1;
    .thread T_1;
    .scope S_0x55d1b9595ae0;
T_2 ;
    %wait E_0x55d1b958f2a0;
    %load/vec4 v0x55d1b95ab3b0_0;
    %store/vec4 v0x55d1b95ab4e0_0, 0, 4;
    %load/vec4 v0x55d1b956d800_0;
    %flag_set/vec4 8;
    %jmp/0xz  T_2.0, 8;
    %load/vec4 v0x55d1b95ab6a0_0;
    %parti/s 1, 0, 2;
    %flag_set/vec4 8;
    %jmp/0xz  T_2.2, 8;
    %pushi/vec4 1, 0, 4;
    %store/vec4 v0x55d1b95ab4e0_0, 0, 4;
    %jmp T_2.3;
T_2.2 ;
    %load/vec4 v0x55d1b95ab6a0_0;
    %parti/s 1, 1, 2;
    %flag_set/vec4 8;
    %jmp/0xz  T_2.4, 8;
    %pushi/vec4 2, 0, 4;
    %store/vec4 v0x55d1b95ab4e0_0, 0, 4;
    %jmp T_2.5;
T_2.4 ;
    %load/vec4 v0x55d1b95ab6a0_0;
    %parti/s 1, 2, 3;
    %flag_set/vec4 8;
    %jmp/0xz  T_2.6, 8;
    %pushi/vec4 4, 0, 4;
    %store/vec4 v0x55d1b95ab4e0_0, 0, 4;
    %jmp T_2.7;
T_2.6 ;
    %load/vec4 v0x55d1b95ab6a0_0;
    %parti/s 1, 3, 3;
    %flag_set/vec4 8;
    %jmp/0xz  T_2.8, 8;
    %pushi/vec4 8, 0, 4;
    %store/vec4 v0x55d1b95ab4e0_0, 0, 4;
T_2.8 ;
T_2.7 ;
T_2.5 ;
T_2.3 ;
    %jmp T_2.1;
T_2.0 ;
    %pushi/vec4 0, 0, 4;
    %store/vec4 v0x55d1b95ab4e0_0, 0, 4;
T_2.1 ;
    %jmp T_2;
    .thread T_2, $push;
    .scope S_0x55d1b9595ae0;
T_3 ;
    %wait E_0x55d1b958f590;
    %load/vec4 v0x55d1b95ab780_0;
    %nor/r;
    %flag_set/vec4 8;
    %jmp/0xz  T_3.0, 8;
    %pushi/vec4 0, 0, 4;
    %assign/vec4 v0x55d1b95ab3b0_0, 0;
    %jmp T_3.1;
T_3.0 ;
    %load/vec4 v0x55d1b95ab4e0_0;
    %assign/vec4 v0x55d1b95ab3b0_0, 0;
T_3.1 ;
    %jmp T_3;
    .thread T_3;
    .scope S_0x55d1b9595960;
T_4 ;
    %pushi/vec4 0, 0, 1;
    %store/vec4 v0x55d1b95ab9c0_0, 0, 1;
T_4.0 ;
    %delay 10, 0;
    %load/vec4 v0x55d1b95ab9c0_0;
    %inv;
    %store/vec4 v0x55d1b95ab9c0_0, 0, 1;
    %jmp T_4.0;
    %end;
    .thread T_4;
    .scope S_0x55d1b9595960;
T_5 ;
    %vpi_call 2 16 "$dumpfile", "test.vcd" {0 0 0};
    %vpi_call 2 17 "$dumpvars", 32'sb00000000000000000000000000000000, S_0x55d1b9595960 {0 0 0};
    %pushi/vec4 0, 0, 1;
    %store/vec4 v0x55d1b95abd20_0, 0, 1;
    %delay 10, 0;
    %pushi/vec4 1, 0, 1;
    %store/vec4 v0x55d1b95abd20_0, 0, 1;
    %delay 10, 0;
    %pushi/vec4 3, 0, 4;
    %store/vec4 v0x55d1b95abc50_0, 0, 4;
    %delay 120, 0;
    %pushi/vec4 2, 0, 4;
    %store/vec4 v0x55d1b95abc50_0, 0, 4;
    %delay 30, 0;
    %pushi/vec4 0, 0, 4;
    %store/vec4 v0x55d1b95abc50_0, 0, 4;
    %delay 513, 0;
    %vpi_call 2 27 "$finish" {0 0 0};
    %end;
    .thread T_5;
# The file index is used to find the file name in the following table.
:file_names 4;
    "N/A";
    "<interactive>";
    "test.v";
    "arbiter.v";
