#! /usr/bin/vvp
:ivl_version "10.1 (stable)";
:ivl_delay_selection "TYPICAL";
:vpi_time_precision + 0;
:vpi_module "system";
:vpi_module "vhdl_sys";
:vpi_module "v2005_math";
:vpi_module "va_math";
S_0x2269680 .scope module, "fifo_test" "fifo_test" 2 3;
 .timescale 0 0;
v0x228a1b0_0 .net "buf_empty", 0 0, v0x22603d0_0;  1 drivers
v0x228a270_0 .net "buf_full", 0 0, v0x225edf0_0;  1 drivers
v0x228a310_0 .var "buf_in", 7 0;
v0x228a3b0_0 .net "buf_out", 7 0, v0x2261d80_0;  1 drivers
v0x228a480_0 .var "clk", 0 0;
v0x228a570_0 .net "fifo_counter", 3 0, v0x22630c0_0;  1 drivers
v0x228a640_0 .var "rd_en", 0 0;
v0x228a710_0 .var "rst", 0 0;
v0x228a7e0_0 .var "tempdata", 7 0;
v0x228a880_0 .var "wr_en", 0 0;
S_0x2269800 .scope module, "ff" "fifo_single_clock" 2 10, 3 4 0, S_0x2269680;
 .timescale 0 0;
    .port_info 0 /INPUT 1 "clk"
    .port_info 1 /INPUT 1 "rst"
    .port_info 2 /INPUT 1 "wr_en"
    .port_info 3 /INPUT 1 "rd_en"
    .port_info 4 /OUTPUT 8 "buf_out"
    .port_info 5 /INPUT 8 "buf_in"
    .port_info 6 /OUTPUT 1 "buf_full"
    .port_info 7 /OUTPUT 1 "buf_empty"
    .port_info 8 /OUTPUT 4 "fifo_counter"
v0x22603d0_0 .var "buf_empty", 0 0;
v0x225edf0_0 .var "buf_full", 0 0;
v0x2261c80_0 .net "buf_in", 7 0, v0x228a310_0;  1 drivers
v0x2261d80_0 .var "buf_out", 7 0;
v0x2263020_0 .net "clk", 0 0, v0x228a480_0;  1 drivers
v0x22630c0_0 .var "fifo_counter", 3 0;
v0x22896a0 .array "mem", 0 7, 7 0;
v0x2289760_0 .net "rd_en", 0 0, v0x228a640_0;  1 drivers
v0x2289820_0 .var "rd_ptr", 2 0;
v0x2289900_0 .net "rst", 0 0, v0x228a710_0;  1 drivers
v0x22899c0_0 .net "wr_en", 0 0, v0x228a880_0;  1 drivers
v0x2289a80_0 .var "wr_ptr", 2 0;
E_0x2249550 .event posedge, v0x2289900_0, v0x2263020_0;
E_0x2247a10 .event posedge, v0x2263020_0;
E_0x2247b20 .event edge, v0x22630c0_0;
S_0x2289c80 .scope task, "pop" "pop" 2 95, 2 95 0, S_0x2269680;
 .timescale 0 0;
v0x2289e20_0 .var "data", 7 0;
TD_fifo_test.pop ;
    %load/vec4 v0x228a1b0_0;
    %flag_set/vec4 8;
    %jmp/0xz  T_0.0, 8;
    %vpi_call 2 99 "$display", "---Cannot Pop: Buffer Empty---" {0 0 0};
    %jmp T_0.1;
T_0.0 ;
    %pushi/vec4 1, 0, 1;
    %store/vec4 v0x228a640_0, 0, 1;
    %wait E_0x2247a10;
    %delay 1, 0;
    %pushi/vec4 0, 0, 1;
    %store/vec4 v0x228a640_0, 0, 1;
    %load/vec4 v0x228a3b0_0;
    %store/vec4 v0x2289e20_0, 0, 8;
    %vpi_call 2 108 "$display", "-------------------------------Poped ", v0x2289e20_0 {0 0 0};
T_0.1 ;
    %end;
S_0x2289f00 .scope task, "push" "push" 2 78, 2 78 0, S_0x2269680;
 .timescale 0 0;
v0x228a0d0_0 .var "data", 7 0;
TD_fifo_test.push ;
    %load/vec4 v0x228a270_0;
    %flag_set/vec4 8;
    %jmp/0xz  T_1.2, 8;
    %vpi_call 2 83 "$display", "---Cannot push: Buffer Full---" {0 0 0};
    %jmp T_1.3;
T_1.2 ;
    %vpi_call 2 86 "$display", "Pushed ", v0x228a0d0_0 {0 0 0};
    %load/vec4 v0x228a0d0_0;
    %store/vec4 v0x228a310_0, 0, 8;
    %pushi/vec4 1, 0, 1;
    %store/vec4 v0x228a880_0, 0, 1;
    %wait E_0x2247a10;
    %delay 1, 0;
    %pushi/vec4 0, 0, 1;
    %store/vec4 v0x228a880_0, 0, 1;
T_1.3 ;
    %end;
    .scope S_0x2269800;
T_2 ;
    %wait E_0x2247b20;
    %load/vec4 v0x22630c0_0;
    %pad/u 32;
    %pushi/vec4 8, 0, 32;
    %cmp/e;
    %flag_get/vec4 4;
    %store/vec4 v0x225edf0_0, 0, 1;
    %load/vec4 v0x22630c0_0;
    %pad/u 32;
    %pushi/vec4 0, 0, 32;
    %cmp/e;
    %flag_get/vec4 4;
    %store/vec4 v0x22603d0_0, 0, 1;
    %jmp T_2;
    .thread T_2, $push;
    .scope S_0x2269800;
T_3 ;
    %wait E_0x2249550;
    %load/vec4 v0x2289900_0;
    %flag_set/vec4 8;
    %jmp/0xz  T_3.0, 8;
    %pushi/vec4 0, 0, 4;
    %assign/vec4 v0x22630c0_0, 0;
    %jmp T_3.1;
T_3.0 ;
    %load/vec4 v0x22899c0_0;
    %load/vec4 v0x225edf0_0;
    %nor/r;
    %and;
    %load/vec4 v0x2289760_0;
    %load/vec4 v0x22603d0_0;
    %nor/r;
    %and;
    %and;
    %flag_set/vec4 8;
    %jmp/0xz  T_3.2, 8;
    %load/vec4 v0x22630c0_0;
    %assign/vec4 v0x22630c0_0, 0;
    %jmp T_3.3;
T_3.2 ;
    %load/vec4 v0x22899c0_0;
    %load/vec4 v0x225edf0_0;
    %nor/r;
    %and;
    %flag_set/vec4 8;
    %jmp/0xz  T_3.4, 8;
    %load/vec4 v0x22630c0_0;
    %addi 1, 0, 4;
    %assign/vec4 v0x22630c0_0, 0;
    %jmp T_3.5;
T_3.4 ;
    %load/vec4 v0x2289760_0;
    %load/vec4 v0x22603d0_0;
    %nor/r;
    %and;
    %flag_set/vec4 8;
    %jmp/0xz  T_3.6, 8;
    %load/vec4 v0x22630c0_0;
    %subi 1, 0, 4;
    %assign/vec4 v0x22630c0_0, 0;
    %jmp T_3.7;
T_3.6 ;
    %load/vec4 v0x22630c0_0;
    %assign/vec4 v0x22630c0_0, 0;
T_3.7 ;
T_3.5 ;
T_3.3 ;
T_3.1 ;
    %jmp T_3;
    .thread T_3;
    .scope S_0x2269800;
T_4 ;
    %wait E_0x2247a10;
    %load/vec4 v0x225edf0_0;
    %nor/r;
    %load/vec4 v0x22899c0_0;
    %and;
    %flag_set/vec4 8;
    %jmp/0xz  T_4.0, 8;
    %load/vec4 v0x2261c80_0;
    %load/vec4 v0x2289a80_0;
    %pad/u 5;
    %ix/vec4 3;
    %ix/load 4, 0, 0; Constant delay
    %assign/vec4/a/d v0x22896a0, 0, 4;
    %jmp T_4.1;
T_4.0 ;
    %load/vec4 v0x2289a80_0;
    %pad/u 5;
    %ix/vec4 4;
    %load/vec4a v0x22896a0, 4;
    %load/vec4 v0x2289a80_0;
    %pad/u 5;
    %ix/vec4 3;
    %ix/load 4, 0, 0; Constant delay
    %assign/vec4/a/d v0x22896a0, 0, 4;
T_4.1 ;
    %jmp T_4;
    .thread T_4;
    .scope S_0x2269800;
T_5 ;
    %wait E_0x2249550;
    %load/vec4 v0x2289900_0;
    %flag_set/vec4 8;
    %jmp/0xz  T_5.0, 8;
    %pushi/vec4 0, 0, 8;
    %assign/vec4 v0x2261d80_0, 0;
T_5.0 ;
    %load/vec4 v0x22603d0_0;
    %nor/r;
    %load/vec4 v0x2289760_0;
    %and;
    %flag_set/vec4 8;
    %jmp/0xz  T_5.2, 8;
    %load/vec4 v0x2289820_0;
    %pad/u 5;
    %ix/vec4 4;
    %load/vec4a v0x22896a0, 4;
    %assign/vec4 v0x2261d80_0, 0;
    %jmp T_5.3;
T_5.2 ;
    %load/vec4 v0x2261d80_0;
    %assign/vec4 v0x2261d80_0, 0;
T_5.3 ;
    %jmp T_5;
    .thread T_5;
    .scope S_0x2269800;
T_6 ;
    %wait E_0x2249550;
    %load/vec4 v0x2289900_0;
    %flag_set/vec4 8;
    %jmp/0xz  T_6.0, 8;
    %pushi/vec4 0, 0, 3;
    %assign/vec4 v0x2289a80_0, 0;
    %pushi/vec4 0, 0, 3;
    %assign/vec4 v0x2289820_0, 0;
    %jmp T_6.1;
T_6.0 ;
    %load/vec4 v0x22899c0_0;
    %load/vec4 v0x225edf0_0;
    %nor/r;
    %and;
    %flag_set/vec4 8;
    %jmp/0xz  T_6.2, 8;
    %load/vec4 v0x2289a80_0;
    %addi 1, 0, 3;
    %assign/vec4 v0x2289a80_0, 0;
    %jmp T_6.3;
T_6.2 ;
    %load/vec4 v0x2289a80_0;
    %assign/vec4 v0x2289a80_0, 0;
T_6.3 ;
    %load/vec4 v0x2289760_0;
    %load/vec4 v0x22603d0_0;
    %nor/r;
    %and;
    %flag_set/vec4 8;
    %jmp/0xz  T_6.4, 8;
    %load/vec4 v0x2289820_0;
    %addi 1, 0, 3;
    %assign/vec4 v0x2289820_0, 0;
    %jmp T_6.5;
T_6.4 ;
    %load/vec4 v0x2289820_0;
    %assign/vec4 v0x2289820_0, 0;
T_6.5 ;
T_6.1 ;
    %jmp T_6;
    .thread T_6;
    .scope S_0x2269680;
T_7 ;
    %pushi/vec4 0, 0, 1;
    %store/vec4 v0x228a480_0, 0, 1;
    %pushi/vec4 1, 0, 1;
    %store/vec4 v0x228a710_0, 0, 1;
    %pushi/vec4 0, 0, 1;
    %store/vec4 v0x228a640_0, 0, 1;
    %pushi/vec4 0, 0, 1;
    %store/vec4 v0x228a880_0, 0, 1;
    %pushi/vec4 0, 0, 8;
    %store/vec4 v0x228a7e0_0, 0, 8;
    %pushi/vec4 0, 0, 8;
    %store/vec4 v0x228a310_0, 0, 8;
    %delay 15, 0;
    %pushi/vec4 0, 0, 1;
    %store/vec4 v0x228a710_0, 0, 1;
    %pushi/vec4 1, 0, 8;
    %store/vec4 v0x228a0d0_0, 0, 8;
    %fork TD_fifo_test.push, S_0x2289f00;
    %join;
    %fork t_1, S_0x2269680;
    %fork t_2, S_0x2269680;
    %join;
    %join;
    %jmp t_0;
t_1 ;
    %pushi/vec4 2, 0, 8;
    %store/vec4 v0x228a0d0_0, 0, 8;
    %fork TD_fifo_test.push, S_0x2289f00;
    %join;
    %end;
t_2 ;
    %fork TD_fifo_test.pop, S_0x2289c80;
    %join;
    %load/vec4 v0x2289e20_0;
    %store/vec4 v0x228a7e0_0, 0, 8;
    %end;
    .scope S_0x2269680;
t_0 ;
    %pushi/vec4 10, 0, 8;
    %store/vec4 v0x228a0d0_0, 0, 8;
    %fork TD_fifo_test.push, S_0x2289f00;
    %join;
    %pushi/vec4 20, 0, 8;
    %store/vec4 v0x228a0d0_0, 0, 8;
    %fork TD_fifo_test.push, S_0x2289f00;
    %join;
    %pushi/vec4 30, 0, 8;
    %store/vec4 v0x228a0d0_0, 0, 8;
    %fork TD_fifo_test.push, S_0x2289f00;
    %join;
    %pushi/vec4 40, 0, 8;
    %store/vec4 v0x228a0d0_0, 0, 8;
    %fork TD_fifo_test.push, S_0x2289f00;
    %join;
    %pushi/vec4 50, 0, 8;
    %store/vec4 v0x228a0d0_0, 0, 8;
    %fork TD_fifo_test.push, S_0x2289f00;
    %join;
    %pushi/vec4 60, 0, 8;
    %store/vec4 v0x228a0d0_0, 0, 8;
    %fork TD_fifo_test.push, S_0x2289f00;
    %join;
    %pushi/vec4 70, 0, 8;
    %store/vec4 v0x228a0d0_0, 0, 8;
    %fork TD_fifo_test.push, S_0x2289f00;
    %join;
    %pushi/vec4 80, 0, 8;
    %store/vec4 v0x228a0d0_0, 0, 8;
    %fork TD_fifo_test.push, S_0x2289f00;
    %join;
    %pushi/vec4 90, 0, 8;
    %store/vec4 v0x228a0d0_0, 0, 8;
    %fork TD_fifo_test.push, S_0x2289f00;
    %join;
    %pushi/vec4 100, 0, 8;
    %store/vec4 v0x228a0d0_0, 0, 8;
    %fork TD_fifo_test.push, S_0x2289f00;
    %join;
    %pushi/vec4 110, 0, 8;
    %store/vec4 v0x228a0d0_0, 0, 8;
    %fork TD_fifo_test.push, S_0x2289f00;
    %join;
    %pushi/vec4 120, 0, 8;
    %store/vec4 v0x228a0d0_0, 0, 8;
    %fork TD_fifo_test.push, S_0x2289f00;
    %join;
    %pushi/vec4 130, 0, 8;
    %store/vec4 v0x228a0d0_0, 0, 8;
    %fork TD_fifo_test.push, S_0x2289f00;
    %join;
    %fork TD_fifo_test.pop, S_0x2289c80;
    %join;
    %load/vec4 v0x2289e20_0;
    %store/vec4 v0x228a7e0_0, 0, 8;
    %load/vec4 v0x228a7e0_0;
    %store/vec4 v0x228a0d0_0, 0, 8;
    %fork TD_fifo_test.push, S_0x2289f00;
    %join;
    %fork TD_fifo_test.pop, S_0x2289c80;
    %join;
    %load/vec4 v0x2289e20_0;
    %store/vec4 v0x228a7e0_0, 0, 8;
    %fork TD_fifo_test.pop, S_0x2289c80;
    %join;
    %load/vec4 v0x2289e20_0;
    %store/vec4 v0x228a7e0_0, 0, 8;
    %fork TD_fifo_test.pop, S_0x2289c80;
    %join;
    %load/vec4 v0x2289e20_0;
    %store/vec4 v0x228a7e0_0, 0, 8;
    %fork TD_fifo_test.pop, S_0x2289c80;
    %join;
    %load/vec4 v0x2289e20_0;
    %store/vec4 v0x228a7e0_0, 0, 8;
    %pushi/vec4 140, 0, 8;
    %store/vec4 v0x228a0d0_0, 0, 8;
    %fork TD_fifo_test.push, S_0x2289f00;
    %join;
    %fork TD_fifo_test.pop, S_0x2289c80;
    %join;
    %load/vec4 v0x2289e20_0;
    %store/vec4 v0x228a7e0_0, 0, 8;
    %load/vec4 v0x228a7e0_0;
    %store/vec4 v0x228a0d0_0, 0, 8;
    %fork TD_fifo_test.push, S_0x2289f00;
    %join;
    %fork TD_fifo_test.pop, S_0x2289c80;
    %join;
    %load/vec4 v0x2289e20_0;
    %store/vec4 v0x228a7e0_0, 0, 8;
    %fork TD_fifo_test.pop, S_0x2289c80;
    %join;
    %load/vec4 v0x2289e20_0;
    %store/vec4 v0x228a7e0_0, 0, 8;
    %fork TD_fifo_test.pop, S_0x2289c80;
    %join;
    %load/vec4 v0x2289e20_0;
    %store/vec4 v0x228a7e0_0, 0, 8;
    %fork TD_fifo_test.pop, S_0x2289c80;
    %join;
    %load/vec4 v0x2289e20_0;
    %store/vec4 v0x228a7e0_0, 0, 8;
    %fork TD_fifo_test.pop, S_0x2289c80;
    %join;
    %load/vec4 v0x2289e20_0;
    %store/vec4 v0x228a7e0_0, 0, 8;
    %fork TD_fifo_test.pop, S_0x2289c80;
    %join;
    %load/vec4 v0x2289e20_0;
    %store/vec4 v0x228a7e0_0, 0, 8;
    %fork TD_fifo_test.pop, S_0x2289c80;
    %join;
    %load/vec4 v0x2289e20_0;
    %store/vec4 v0x228a7e0_0, 0, 8;
    %fork TD_fifo_test.pop, S_0x2289c80;
    %join;
    %load/vec4 v0x2289e20_0;
    %store/vec4 v0x228a7e0_0, 0, 8;
    %fork TD_fifo_test.pop, S_0x2289c80;
    %join;
    %load/vec4 v0x2289e20_0;
    %store/vec4 v0x228a7e0_0, 0, 8;
    %fork TD_fifo_test.pop, S_0x2289c80;
    %join;
    %load/vec4 v0x2289e20_0;
    %store/vec4 v0x228a7e0_0, 0, 8;
    %fork TD_fifo_test.pop, S_0x2289c80;
    %join;
    %load/vec4 v0x2289e20_0;
    %store/vec4 v0x228a7e0_0, 0, 8;
    %pushi/vec4 5, 0, 8;
    %store/vec4 v0x228a0d0_0, 0, 8;
    %fork TD_fifo_test.push, S_0x2289f00;
    %join;
    %fork TD_fifo_test.pop, S_0x2289c80;
    %join;
    %load/vec4 v0x2289e20_0;
    %store/vec4 v0x228a7e0_0, 0, 8;
    %delay 513, 0;
    %vpi_call 2 67 "$finish" {0 0 0};
    %end;
    .thread T_7;
    .scope S_0x2269680;
T_8 ;
    %vpi_call 2 71 "$dumpfile", "test.vcd" {0 0 0};
    %vpi_call 2 72 "$dumpvars", 32'sb00000000000000000000000000000000, S_0x2269680 {0 0 0};
    %end;
    .thread T_8;
    .scope S_0x2269680;
T_9 ;
    %delay 5, 0;
    %load/vec4 v0x228a480_0;
    %inv;
    %store/vec4 v0x228a480_0, 0, 1;
    %jmp T_9;
    .thread T_9;
# The file index is used to find the file name in the following table.
:file_names 4;
    "N/A";
    "<interactive>";
    "fifo_test.v";
    "fifo_single_clock.v";
